Determining if the pthread_create exist failed with the following output:
Change Dir: /home/ros/microcontroller_ws/build/CMakeFiles/CMakeTmp

Run Build Command:"/usr/bin/make" "cmTC_9aefe/fast"
/usr/bin/make -f CMakeFiles/cmTC_9aefe.dir/build.make CMakeFiles/cmTC_9aefe.dir/build
make[1]: Entering directory '/home/ros/microcontroller_ws/build/CMakeFiles/CMakeTmp'
Building C object CMakeFiles/cmTC_9aefe.dir/CheckSymbolExists.c.o
/usr/bin/cc     -o CMakeFiles/cmTC_9aefe.dir/CheckSymbolExists.c.o   -c /home/ros/microcontroller_ws/build/CMakeFiles/CMakeTmp/CheckSymbolExists.c
Linking C executable cmTC_9aefe
/usr/bin/cmake -E cmake_link_script CMakeFiles/cmTC_9aefe.dir/link.txt --verbose=1
/usr/bin/cc       CMakeFiles/cmTC_9aefe.dir/CheckSymbolExists.c.o  -o cmTC_9aefe -rdynamic 
CMakeFiles/cmTC_9aefe.dir/CheckSymbolExists.c.o: In function `main':
CheckSymbolExists.c:(.text+0x16): undefined reference to `pthread_create'
collect2: error: ld returned 1 exit status
CMakeFiles/cmTC_9aefe.dir/build.make:97: recipe for target 'cmTC_9aefe' failed
make[1]: *** [cmTC_9aefe] Error 1
make[1]: Leaving directory '/home/ros/microcontroller_ws/build/CMakeFiles/CMakeTmp'
Makefile:126: recipe for target 'cmTC_9aefe/fast' failed
make: *** [cmTC_9aefe/fast] Error 2

File /home/ros/microcontroller_ws/build/CMakeFiles/CMakeTmp/CheckSymbolExists.c:
/* */
#include <pthread.h>

int main(int argc, char** argv)
{
  (void)argv;
#ifndef pthread_create
  return ((int*)(&pthread_create))[argc];
#else
  (void)argc;
  return 0;
#endif
}

Determining if the function pthread_create exists in the pthreads failed with the following output:
Change Dir: /home/ros/microcontroller_ws/build/CMakeFiles/CMakeTmp

Run Build Command:"/usr/bin/make" "cmTC_78882/fast"
/usr/bin/make -f CMakeFiles/cmTC_78882.dir/build.make CMakeFiles/cmTC_78882.dir/build
make[1]: Entering directory '/home/ros/microcontroller_ws/build/CMakeFiles/CMakeTmp'
Building C object CMakeFiles/cmTC_78882.dir/CheckFunctionExists.c.o
/usr/bin/cc    -DCHECK_FUNCTION_EXISTS=pthread_create   -o CMakeFiles/cmTC_78882.dir/CheckFunctionExists.c.o   -c /usr/share/cmake-3.5/Modules/CheckFunctionExists.c
Linking C executable cmTC_78882
/usr/bin/cmake -E cmake_link_script CMakeFiles/cmTC_78882.dir/link.txt --verbose=1
/usr/bin/cc   -DCHECK_FUNCTION_EXISTS=pthread_create    CMakeFiles/cmTC_78882.dir/CheckFunctionExists.c.o  -o cmTC_78882 -rdynamic -lpthreads 
/usr/bin/ld: cannot find -lpthreads
collect2: error: ld returned 1 exit status
CMakeFiles/cmTC_78882.dir/build.make:97: recipe for target 'cmTC_78882' failed
make[1]: *** [cmTC_78882] Error 1
make[1]: Leaving directory '/home/ros/microcontroller_ws/build/CMakeFiles/CMakeTmp'
Makefile:126: recipe for target 'cmTC_78882/fast' failed
make: *** [cmTC_78882/fast] Error 2


